00:00:00.005987 main     VirtualBox XPCOM Server 6.1.34 r150636 linux.amd64 (Apr 21 2022 20:04:42) release log
00:00:00.005989 main     Log opened 2022-05-04T09:05:58.394661000Z
00:00:00.005990 main     Build Type: release
00:00:00.005991 main     OS Product: Linux
00:00:00.005992 main     OS Release: 5.17.5-arch1-1
00:00:00.005993 main     OS Version: #1 SMP PREEMPT Wed, 27 Apr 2022 20:56:11 +0000
00:00:00.006009 main     DMI Product Name: B85
00:00:00.006015 main     DMI Product Version: To be filled by O.E.M.
00:00:00.006019 main     Firmware type: UEFI
00:00:00.006314 main     Secure Boot: Disabled
00:00:00.006362 main     Host RAM: 5859MB (5.7GB) total, 5366MB (5.2GB) available
00:00:00.006365 main     Executable: /usr/lib/virtualbox/VBoxSVC
00:00:00.006365 main     Process ID: 782
00:00:00.006365 main     Package type: LINUX_64BITS_GENERIC (OSE)
00:00:00.007580 main     IPC socket path: /tmp/.vbox-ding-ipc/ipcd
00:00:00.117183 nspr-2   VirtualBox: object creation starts
00:00:00.117303 nspr-2   Home directory: '/home/ding/.config/VirtualBox'
00:00:00.118451 nspr-2   Loading settings file "/home/ding/.config/VirtualBox/VirtualBox.xml" with version "1.14-linux"
00:00:00.128422 nspr-2   USB: Unknown USB device detected (idVendor: 0x4037, idProduct: 0x2804)
00:00:00.128568 nspr-2   Successfully initialised host USB using sysfs
00:00:00.129396 nspr-2   HostDnsMonitor: initializing
00:00:00.129667 nspr-2   NAT: resolv.conf: nameserver 192.168.0.1
00:00:00.129674 nspr-2   NAT: resolv.conf: FIXME: ignoring IPv6 zone %enp2s0
00:00:00.129676 nspr-2   NAT: resolv.conf: nameserver fe80::9259:3cff:fe0c:3cd4
00:00:00.129682 nspr-2   HostDnsMonitor: updating information
00:00:00.129691 nspr-2   HostDnsMonitor: old information
00:00:00.129694 nspr-2     no server entries
00:00:00.129696 nspr-2     no domain set
00:00:00.129697 nspr-2     no search string entries
00:00:00.129699 nspr-2   HostDnsMonitor: new information
00:00:00.129701 nspr-2     server 1: 192.168.0.1
00:00:00.129703 nspr-2     server 2: fe80::9259:3cff:fe0c:3cd4%enp2s0
00:00:00.129706 nspr-2     domain: realtek
00:00:00.129707 nspr-2     search string 1: realtek
00:00:00.145139 nspr-2   VD: VDInit finished with VINF_SUCCESS
00:00:00.146000 nspr-2   ERROR [COM]: aRC=NS_ERROR_FAILURE (0x80004005) aIID={027bc463-929c-40e8-bf16-fea557cd8e7e} aComponent={SystemPropertiesWrap} aText={Cannot determine default Guest Additions ISO location. Most likely they are not available}, preserve=false aResultDetail=0
00:00:00.155068 nspr-2   Loading settings file "/mnt/data/vm/Vbox/Windows10 lite/Windows10 lite.vbox" with version "1.15-linux"
00:00:00.156079 nspr-2   Loading settings file "/mnt/data/vm/Vbox/ventoy_test/ventoy_test.vbox" with version "1.16-linux"
00:00:00.161254 nspr-2   OCI: Local config file '/home/ding/.config/VirtualBox/oci_config' does not exist
00:00:00.161279 nspr-2   OCI: Original config file '/home/ding/.oci/config' does not exist
00:00:00.161282 nspr-2   OCI: Reading profiles finished with status NS_OK
00:00:00.161290 nspr-2   ExtPack: Created cloud provider 'OCI' (hrc=NS_OK)
00:00:00.161312 nspr-2   VirtualBox: object created
00:00:03.791999 nspr-4   Launched VM: 2348821616 pid: 810 (0x32a) frontend: GUI/Qt name: ventoy_test
00:00:04.654888 nspr-3   Load [/usr/lib/virtualbox/ExtensionPacks/Oracle_VM_VirtualBox_Extension_Pack/linux.amd64/VBoxHostWebcam.so] vrc=VINF_SUCCESS
00:00:04.741571 nspr-6   ERROR [COM]: aRC=VBOX_E_IPRT_ERROR (0x80bb0005) aIID={85632c68-b5bb-4316-a900-5eb28d3413df} aComponent={SessionMachine} aText={Saved screenshot data is not available (VERR_NOT_SUPPORTED)}, preserve=false aResultDetail=-37
00:00:47.894576 nspr-2   Saving settings file "/mnt/data/vm/Vbox/ventoy_test/ventoy_test.vbox" with version "1.16-linux"
00:00:47.927540 nspr-7   Saving settings file "/mnt/data/vm/Vbox/ventoy_test/ventoy_test.vbox" with version "1.16-linux"
00:06:36.713754 nspr-6   Launched VM: 2348832336 pid: 2565 (0xa05) frontend: GUI/Qt name: ventoy_test
00:06:37.585816 nspr-3   Load [/usr/lib/virtualbox/ExtensionPacks/Oracle_VM_VirtualBox_Extension_Pack/linux.amd64/VBoxHostWebcam.so] vrc=VINF_SUCCESS
00:06:37.666928 nspr-3   ERROR [COM]: aRC=VBOX_E_IPRT_ERROR (0x80bb0005) aIID={85632c68-b5bb-4316-a900-5eb28d3413df} aComponent={SessionMachine} aText={Saved screenshot data is not available (VERR_NOT_SUPPORTED)}, preserve=false aResultDetail=-37
00:08:57.652289 nspr-5   Saving settings file "/home/ding/.config/VirtualBox/VirtualBox.xml" with version "1.14-linux"
00:09:08.210738 nspr-8   Saving settings file "/mnt/data/vm/Vbox/ventoy_test/ventoy_test.vbox" with version "1.16-linux"
00:09:14.842317 nspr-2   Saving settings file "/mnt/data/vm/Vbox/ventoy_test/ventoy_test.vbox" with version "1.16-linux"
00:09:14.864365 nspr-2   Saving settings file "/mnt/data/vm/Vbox/ventoy_test/ventoy_test.vbox" with version "1.16-linux"
00:09:26.554437 nspr-5   Saving settings file "/mnt/data/vm/Vbox/ventoy_test/ventoy_test.vbox" with version "1.16-linux"
00:17:10.606125 USBPROXY USB: Unknown USB device detected (idVendor: 0x4037, idProduct: 0x2804)
00:17:10.606155 USBPROXY USBProxyBackendLinux: Device 4037:2804 (sysfs:/sys/devices/pci0000:00/0000:00:14.0/usb3/3-5/3-5.1//device:/dev/vboxusb/003/009) isn't accessible. giving udev a few seconds to fix this...
00:17:53.714748 USBPROXY USBProxyBackendLinux: Device 1a81:1202 (sysfs:/sys/devices/pci0000:00/0000:00:14.0/usb3/3-5/3-5.4//device:/dev/vboxusb/003/010) isn't accessible. giving udev a few seconds to fix this...
00:30:38.423151 USBPROXY USBProxyBackendLinux: Device 05e3:0751 (sysfs:/sys/devices/pci0000:00/0000:00:14.0/usb3/3-6/3-6.4//device:/dev/vboxusb/003/012) isn't accessible. giving udev a few seconds to fix this...
00:31:18.556099 USBPROXY USBProxyBackendLinux: Device 05e3:0751 (sysfs:/sys/devices/pci0000:00/0000:00:14.0/usb3/3-6/3-6.4//device:/dev/vboxusb/003/020) isn't accessible. giving udev a few seconds to fix this...
01:26:25.548168 nspr-3   Saving settings file "/home/ding/.config/VirtualBox/VirtualBox.xml" with version "1.14-linux"
01:26:25.560181 nspr-5   Saving settings file "/home/ding/.config/VirtualBox/VirtualBox.xml" with version "1.14-linux"
01:26:25.563485 nspr-6   Saving settings file "/home/ding/.config/VirtualBox/VirtualBox.xml" with version "1.14-linux"
01:26:31.574744 main     VirtualBox: object deletion starts
01:26:31.574798 main     ERROR [COM]: aRC=VBOX_E_OBJECT_IN_USE (0x80bb000c) aIID={ad47ad09-787b-44ab-b343-a082a3f2dfb1} aComponent={MediumWrap} aText={Medium '/mnt/data/vm/Vbox/Windows10 lite/Windows10 lite.vdi' cannot be closed because it is still attached to 1 virtual machines}, preserve=false aResultDetail=0
01:26:31.575358 main     HostDnsMonitor: shutting down ...
01:26:31.586635 main     HostDnsMonitor: shut down
01:26:31.752142 Watcher  ERROR [COM]: aRC=E_ACCESSDENIED (0x80070005) aIID={d0a0163f-e254-4e5b-a1f2-011cf991c38d} aComponent={VirtualBoxWrap} aText={The object is not ready}, preserve=false aResultDetail=0
01:26:36.593254 main     {00007f6f90019a50} HostPowerServiceLinux::~HostPowerServiceLinux: RTThreadWait() for 5000 ms failed with VERR_TIMEOUT
01:26:36.593523 main     VirtualBox: object deleted
